<?xml version="1.0" encoding="UTF-8"?>
<!-- Generated by org.testng.reporters.JUnitXMLReporter -->
<testsuite ignored="0" hostname="DESKTOP-NUS5RS8" failures="1" tests="3" name="Test" time="32.3" errors="0" timestamp="2024-03-13T12:53:09 IST">
  <testcase classname="io.cucumber.testng.AbstractTestNGCucumberTests" name="runScenario" time="11.516"/>
  <testcase classname="io.cucumber.testng.AbstractTestNGCucumberTests" name="runScenario" time="7.995">
    <failure type="java.lang.AssertionError" message="expected [true] but found [false]">
      <![CDATA[java.lang.AssertionError: expected [true] but found [false]
at steps.CarWaleSteps.user_validates_car_title(CarWaleSteps.java:63)
at âœ½.user validates carTitle as "Kia Carss"(file:///C:/Users/Arun/eclipse-workspace/CucumberPageObjectsSelenium/src/test/resources/features/findnewcar.feature:12)
... Removed 4 stack frames]]>
    </failure>
  </testcase> <!-- runScenario -->
  <testcase classname="io.cucumber.testng.AbstractTestNGCucumberTests" name="runScenario" time="10.137"/>
</testsuite> <!-- Test -->
