<?xml version="1.0" encoding="UTF-8"?>
<!-- Generated by org.testng.reporters.JUnitReportReporter -->
<testsuite hostname="DESKTOP-NUS5RS8" failures="1" tests="3" name="Runner.RunCuke" time="29.648" errors="0" timestamp="2024-03-13T12:53:10 IST" skipped="0">
  <testcase classname="Runner.RunCuke" name="runScenario" time="10.137"/>
  <testcase classname="Runner.RunCuke" name="runScenario" time="11.516"/>
  <testcase classname="Runner.RunCuke" name="runScenario" time="7.995">
    <failure message="expected [true] but found [false]" type="java.lang.AssertionError">
      <![CDATA[java.lang.AssertionError: expected [true] but found [false]
at org.testng.Assert.fail(Assert.java:111)
at org.testng.Assert.failNotEquals(Assert.java:1578)
at org.testng.Assert.assertTrue(Assert.java:57)
at org.testng.Assert.assertTrue(Assert.java:67)
at steps.CarWaleSteps.user_validates_car_title(CarWaleSteps.java:63)
at âœ½.user validates carTitle as "Kia Carss"(file:///C:/Users/Arun/eclipse-workspace/CucumberPageObjectsSelenium/src/test/resources/features/findnewcar.feature:12)
]]>
    </failure>
  </testcase> <!-- runScenario -->
</testsuite> <!-- Runner.RunCuke -->
